# JRE version: Java(TM) SE Runtime Environment (8.0_211-b12) (build 1.8.0_211-b12)
# Java VM: Java HotSpot(TM) 64-Bit Server VM (25.211-b12 mixed mode bsd-amd64 compressed oops)
Heap:
 PSYoungGen      total 165376K, used 17893K [0x0000000795580000, 0x00000007a3600000, 0x00000007c0000000)
  eden space 156160K, 8% used [0x0000000795580000,0x00000007961c1220,0x000000079ee00000)
  from space 9216K, 57% used [0x000000079ee00000,0x000000079f3384b8,0x000000079f700000)
  to   space 8704K, 0% used [0x00000007a2d80000,0x00000007a2d80000,0x00000007a3600000)
 ParOldGen       total 72704K, used 13188K [0x0000000740000000, 0x0000000744700000, 0x0000000795580000)
  object space 72704K, 18% used [0x0000000740000000,0x0000000740ce1090,0x0000000744700000)
 Metaspace       used 38384K, capacity 40216K, committed 40320K, reserved 1083392K
  class space    used 5183K, capacity 5497K, committed 5504K, reserved 1048576K
GC Heap History (10 events):
Event: 3.341 GC heap before
{Heap before GC invocations=9 (full 1):
 PSYoungGen      total 72704K, used 65536K [0x0000000795580000, 0x000000079e380000, 0x00000007c0000000)
  eden space 65536K, 100% used [0x0000000795580000,0x0000000799580000,0x0000000799580000)
  from space 7168K, 0% used [0x0000000799580000,0x0000000799580000,0x0000000799c80000)
  to   space 7168K, 0% used [0x000000079dc80000,0x000000079dc80000,0x000000079e380000)
 ParOldGen       total 48640K, used 5119K [0x0000000740000000, 0x0000000742f80000, 0x0000000795580000)
  object space 48640K, 10% used [0x0000000740000000,0x00000007404ffc88,0x0000000742f80000)
 Metaspace       used 23933K, capacity 24554K, committed 24704K, reserved 1071104K
  class space    used 2999K, capacity 3176K, committed 3200K, reserved 1048576K
Event: 3.348 GC heap after
Heap after GC invocations=9 (full 1):
 PSYoungGen      total 117760K, used 4878K [0x0000000795580000, 0x000000079e180000, 0x00000007c0000000)
  eden space 112640K, 0% used [0x0000000795580000,0x0000000795580000,0x000000079c380000)
  from space 5120K, 95% used [0x000000079dc80000,0x000000079e143860,0x000000079e180000)
  to   space 7168K, 0% used [0x000000079d380000,0x000000079d380000,0x000000079da80000)
 ParOldGen       total 48640K, used 5127K [0x0000000740000000, 0x0000000742f80000, 0x0000000795580000)
  object space 48640K, 10% used [0x0000000740000000,0x0000000740501c88,0x0000000742f80000)
 Metaspace       used 23933K, capacity 24554K, committed 24704K, reserved 1071104K
  class space    used 2999K, capacity 3176K, committed 3200K, reserved 1048576K
}
Event: 6.971 GC heap before
{Heap before GC invocations=10 (full 1):
 PSYoungGen      total 117760K, used 117518K [0x0000000795580000, 0x000000079e180000, 0x00000007c0000000)
  eden space 112640K, 100% used [0x0000000795580000,0x000000079c380000,0x000000079c380000)
  from space 5120K, 95% used [0x000000079dc80000,0x000000079e143860,0x000000079e180000)
  to   space 7168K, 0% used [0x000000079d380000,0x000000079d380000,0x000000079da80000)
 ParOldGen       total 48640K, used 5127K [0x0000000740000000, 0x0000000742f80000, 0x0000000795580000)
  object space 48640K, 10% used [0x0000000740000000,0x0000000740501c88,0x0000000742f80000)
 Metaspace       used 30572K, capacity 31382K, committed 31616K, reserved 1077248K
  class space    used 3922K, capacity 4104K, committed 4224K, reserved 1048576K
Event: 6.983 GC heap after
Heap after GC invocations=10 (full 1):
 PSYoungGen      total 136192K, used 7153K [0x0000000795580000, 0x000000079ff00000, 0x00000007c0000000)
  eden space 129024K, 0% used [0x0000000795580000,0x0000000795580000,0x000000079d380000)
  from space 7168K, 99% used [0x000000079d380000,0x000000079da7c4e8,0x000000079da80000)
  to   space 8192K, 0% used [0x000000079f700000,0x000000079f700000,0x000000079ff00000)
 ParOldGen       total 48640K, used 6709K [0x0000000740000000, 0x0000000742f80000, 0x0000000795580000)
  object space 48640K, 13% used [0x0000000740000000,0x000000074068d440,0x0000000742f80000)
 Metaspace       used 30572K, capacity 31382K, committed 31616K, reserved 1077248K
  class space    used 3922K, capacity 4104K, committed 4224K, reserved 1048576K
}
Event: 7.987 GC heap before
{Heap before GC invocations=11 (full 1):
 PSYoungGen      total 136192K, used 95331K [0x0000000795580000, 0x000000079ff00000, 0x00000007c0000000)
  eden space 129024K, 68% used [0x0000000795580000,0x000000079ab9c8d0,0x000000079d380000)
  from space 7168K, 99% used [0x000000079d380000,0x000000079da7c4e8,0x000000079da80000)
  to   space 8192K, 0% used [0x000000079f700000,0x000000079f700000,0x000000079ff00000)
 ParOldGen       total 48640K, used 6709K [0x0000000740000000, 0x0000000742f80000, 0x0000000795580000)
  object space 48640K, 13% used [0x0000000740000000,0x000000074068d440,0x0000000742f80000)
 Metaspace       used 34480K, capacity 35372K, committed 35416K, reserved 1079296K
  class space    used 4615K, capacity 4821K, committed 4864K, reserved 1048576K
Event: 8.001 GC heap after
Heap after GC invocations=11 (full 1):
 PSYoungGen      total 164352K, used 7877K [0x0000000795580000, 0x00000007a1580000, 0x00000007c0000000)
  eden space 156160K, 0% used [0x0000000795580000,0x0000000795580000,0x000000079ee00000)
  from space 8192K, 96% used [0x000000079f700000,0x000000079feb1560,0x000000079ff00000)
  to   space 9216K, 0% used [0x000000079ee00000,0x000000079ee00000,0x000000079f700000)
 ParOldGen       total 48640K, used 7753K [0x0000000740000000, 0x0000000742f80000, 0x0000000795580000)
  object space 48640K, 15% used [0x0000000740000000,0x0000000740792460,0x0000000742f80000)
 Metaspace       used 34480K, capacity 35372K, committed 35416K, reserved 1079296K
  class space    used 4615K, capacity 4821K, committed 4864K, reserved 1048576K
}
Event: 8.001 GC heap before
{Heap before GC invocations=12 (full 2):
 PSYoungGen      total 164352K, used 7877K [0x0000000795580000, 0x00000007a1580000, 0x00000007c0000000)
  eden space 156160K, 0% used [0x0000000795580000,0x0000000795580000,0x000000079ee00000)
  from space 8192K, 96% used [0x000000079f700000,0x000000079feb1560,0x000000079ff00000)
  to   space 9216K, 0% used [0x000000079ee00000,0x000000079ee00000,0x000000079f700000)
 ParOldGen       total 48640K, used 7753K [0x0000000740000000, 0x0000000742f80000, 0x0000000795580000)
  object space 48640K, 15% used [0x0000000740000000,0x0000000740792460,0x0000000742f80000)
 Metaspace       used 34480K, capacity 35372K, committed 35416K, reserved 1079296K
  class space    used 4615K, capacity 4821K, committed 4864K, reserved 1048576K
Event: 8.064 GC heap after
Heap after GC invocations=12 (full 2):
 PSYoungGen      total 164352K, used 0K [0x0000000795580000, 0x00000007a1580000, 0x00000007c0000000)
  eden space 156160K, 0% used [0x0000000795580000,0x0000000795580000,0x000000079ee00000)
  from space 8192K, 0% used [0x000000079f700000,0x000000079f700000,0x000000079ff00000)
  to   space 9216K, 0% used [0x000000079ee00000,0x000000079ee00000,0x000000079f700000)
 ParOldGen       total 72704K, used 13180K [0x0000000740000000, 0x0000000744700000, 0x0000000795580000)
  object space 72704K, 18% used [0x0000000740000000,0x0000000740cdf090,0x0000000744700000)
 Metaspace       used 34480K, capacity 35372K, committed 35416K, reserved 1079296K
  class space    used 4615K, capacity 4821K, committed 4864K, reserved 1048576K
}
Event: 9.727 GC heap before
{Heap before GC invocations=13 (full 2):
 PSYoungGen      total 164352K, used 156160K [0x0000000795580000, 0x00000007a1580000, 0x00000007c0000000)
  eden space 156160K, 100% used [0x0000000795580000,0x000000079ee00000,0x000000079ee00000)
  from space 8192K, 0% used [0x000000079f700000,0x000000079f700000,0x000000079ff00000)
  to   space 9216K, 0% used [0x000000079ee00000,0x000000079ee00000,0x000000079f700000)
 ParOldGen       total 72704K, used 13180K [0x0000000740000000, 0x0000000744700000, 0x0000000795580000)
  object space 72704K, 18% used [0x0000000740000000,0x0000000740cdf090,0x0000000744700000)
 Metaspace       used 37651K, capacity 39342K, committed 39552K, reserved 1083392K
  class space    used 5077K, capacity 5398K, committed 5504K, reserved 1048576K
Event: 9.739 GC heap after
Heap after GC invocations=13 (full 2):
 PSYoungGen      total 165376K, used 5345K [0x0000000795580000, 0x00000007a3600000, 0x00000007c0000000)
  eden space 156160K, 0% used [0x0000000795580000,0x0000000795580000,0x000000079ee00000)
  from space 9216K, 57% used [0x000000079ee00000,0x000000079f3384b8,0x000000079f700000)
  to   space 8704K, 0% used [0x00000007a2d80000,0x00000007a2d80000,0x00000007a3600000)
 ParOldGen       total 72704K, used 13188K [0x0000000740000000, 0x0000000744700000, 0x0000000795580000)
  object space 72704K, 18% used [0x0000000740000000,0x0000000740ce1090,0x0000000744700000)
 Metaspace       used 37651K, capacity 39342K, committed 39552K, reserved 1083392K
  class space    used 5077K, capacity 5398K, committed 5504K, reserved 1048576K
}

